c:\bwapi-sc\bwapi\release440\haodabots\bunkerboxermodule\bunkerboxermodule\debug\bunkerboxermodule.obj
c:\bwapi-sc\bwapi\release440\haodabots\bunkerboxermodule\bunkerboxermodule\debug\winutils.obj
c:\bwapi-sc\bwapi\release440\haodabots\bunkerboxermodule\bunkerboxermodule\debug\examples.obj
c:\bwapi-sc\bwapi\release440\haodabots\bunkerboxermodule\bunkerboxermodule\debug\fieldcommand.obj
c:\bwapi-sc\bwapi\release440\haodabots\bunkerboxermodule\bunkerboxermodule\debug\examplewall.obj
c:\bwapi-sc\bwapi\release440\haodabots\bunkerboxermodule\bunkerboxermodule\debug\common.obj
c:\bwapi-sc\bwapi\release440\haodabots\bunkerboxermodule\bunkerboxermodule\debug\bwapiext.obj
c:\bwapi-sc\bwapi\release440\haodabots\bunkerboxermodule\bunkerboxermodule\debug\neutral.obj
c:\bwapi-sc\bwapi\release440\haodabots\bunkerboxermodule\bunkerboxermodule\debug\base.obj
c:\bwapi-sc\bwapi\release440\haodabots\bunkerboxermodule\bunkerboxermodule\debug\utils.obj
c:\bwapi-sc\bwapi\release440\haodabots\bunkerboxermodule\bunkerboxermodule\debug\intelligence.obj
c:\bwapi-sc\bwapi\release440\haodabots\bunkerboxermodule\bunkerboxermodule\debug\gridmap.obj
c:\bwapi-sc\bwapi\release440\haodabots\bunkerboxermodule\bunkerboxermodule\debug\mapprinter.obj
c:\bwapi-sc\bwapi\release440\haodabots\bunkerboxermodule\bunkerboxermodule\debug\cp.obj
c:\bwapi-sc\bwapi\release440\haodabots\bunkerboxermodule\bunkerboxermodule\debug\dll.obj
c:\bwapi-sc\bwapi\release440\haodabots\bunkerboxermodule\bunkerboxermodule\debug\bwem.obj
c:\bwapi-sc\bwapi\release440\haodabots\bunkerboxermodule\bunkerboxermodule\debug\tiles.obj
c:\bwapi-sc\bwapi\release440\haodabots\bunkerboxermodule\bunkerboxermodule\debug\strictbuildorder.obj
c:\bwapi-sc\bwapi\release440\haodabots\bunkerboxermodule\bunkerboxermodule\debug\graph.obj
c:\bwapi-sc\bwapi\release440\haodabots\bunkerboxermodule\bunkerboxermodule\debug\area.obj
c:\bwapi-sc\bwapi\release440\haodabots\bunkerboxermodule\bunkerboxermodule\debug\productionmanager.obj
c:\bwapi-sc\bwapi\release440\haodabots\bunkerboxermodule\bunkerboxermodule\debug\easybmp.obj
c:\bwapi-sc\bwapi\release440\haodabots\bunkerboxermodule\bunkerboxermodule\debug\mapdrawer.obj
c:\bwapi-sc\bwapi\release440\haodabots\bunkerboxermodule\bunkerboxermodule\debug\recon.obj
c:\bwapi-sc\bwapi\release440\haodabots\bunkerboxermodule\bunkerboxermodule\debug\buildorderqueue.obj
c:\bwapi-sc\bwapi\release440\haodabots\bunkerboxermodule\bunkerboxermodule\debug\map.obj
c:\bwapi-sc\bwapi\release440\haodabots\bunkerboxermodule\bunkerboxermodule\debug\mapimpl.obj
c:\bwapi-sc\bwapi\release440\haodabots\bunkerboxermodule\bunkerboxermodule\debug\vc141.pdb
c:\bwapi-sc\bwapi\release440\haodabots\bunkerboxermodule\bunkerboxermodule\debug\bunkerboxermodule.exp
c:\bwapi-sc\bwapi\release440\haodabots\bunkerboxermodule\bunkerboxermodule\debug\bunkerbo.9668c121.tlog\cl.1096.write.1.tlog
c:\bwapi-sc\bwapi\release440\haodabots\bunkerboxermodule\bunkerboxermodule\debug\bunkerbo.9668c121.tlog\cl.command.1.tlog
c:\bwapi-sc\bwapi\release440\haodabots\bunkerboxermodule\bunkerboxermodule\debug\bunkerbo.9668c121.tlog\cl.read.1.tlog
c:\bwapi-sc\bwapi\release440\haodabots\bunkerboxermodule\bunkerboxermodule\debug\bunkerbo.9668c121.tlog\link.21556.read.1.tlog
c:\bwapi-sc\bwapi\release440\haodabots\bunkerboxermodule\bunkerboxermodule\debug\bunkerbo.9668c121.tlog\link.21556.write.1.tlog
c:\bwapi-sc\bwapi\release440\haodabots\bunkerboxermodule\bunkerboxermodule\debug\bunkerbo.9668c121.tlog\link.command.1.tlog
c:\bwapi-sc\bwapi\release440\haodabots\bunkerboxermodule\bunkerboxermodule\debug\bunkerbo.9668c121.tlog\link.read.1.tlog
c:\bwapi-sc\bwapi\release440\haodabots\bunkerboxermodule\bunkerboxermodule\debug\bunkerbo.9668c121.tlog\link.write.1.tlog
