c:\bwapi-sc\bwapi\release440\haodabots\release\bunkerboxermodule.lib
c:\bwapi-sc\bwapi\release440\haodabots\release\bunkerboxermodule.exp
c:\bwapi-sc\bwapi\release440\haodabots\release\bunkerboxermodule.ipdb
c:\bwapi-sc\bwapi\release440\haodabots\release\bunkerboxermodule.iobj
c:\bwapi-sc\bwapi\release440\haodabots\bunkerboxermodule\bunkerboxermodule\release\vc141.pdb
c:\bwapi-sc\bwapi\release440\haodabots\bunkerboxermodule\bunkerboxermodule\release\strictbuildorder.obj
c:\bwapi-sc\bwapi\release440\haodabots\bunkerboxermodule\bunkerboxermodule\release\productionmanager.obj
c:\bwapi-sc\bwapi\release440\haodabots\bunkerboxermodule\bunkerboxermodule\release\common.obj
c:\bwapi-sc\bwapi\release440\haodabots\bunkerboxermodule\bunkerboxermodule\release\buildorderqueue.obj
c:\bwapi-sc\bwapi\release440\haodabots\bunkerboxermodule\bunkerboxermodule\release\dll.obj
c:\bwapi-sc\bwapi\release440\haodabots\bunkerboxermodule\bunkerboxermodule\release\bunkerboxermodule.obj
c:\bwapi-sc\bwapi\release440\haodabots\release\bunkerboxermodule.dll
c:\bwapi-sc\bwapi\release440\haodabots\release\bunkerboxermodule.pdb
c:\bwapi-sc\bwapi\release440\haodabots\bunkerboxermodule\bunkerboxermodule\release\bunkerboxermodule.exp
c:\bwapi-sc\bwapi\release440\haodabots\bunkerboxermodule\bunkerboxermodule\release\bunkerbo.9668c121.tlog\bunkerboxermodule.write.1u.tlog
c:\bwapi-sc\bwapi\release440\haodabots\bunkerboxermodule\bunkerboxermodule\release\bunkerbo.9668c121.tlog\cl.command.1.tlog
c:\bwapi-sc\bwapi\release440\haodabots\bunkerboxermodule\bunkerboxermodule\release\bunkerbo.9668c121.tlog\cl.read.1.tlog
c:\bwapi-sc\bwapi\release440\haodabots\bunkerboxermodule\bunkerboxermodule\release\bunkerbo.9668c121.tlog\cl.write.1.tlog
c:\bwapi-sc\bwapi\release440\haodabots\bunkerboxermodule\bunkerboxermodule\release\bunkerbo.9668c121.tlog\link.command.1.tlog
c:\bwapi-sc\bwapi\release440\haodabots\bunkerboxermodule\bunkerboxermodule\release\bunkerbo.9668c121.tlog\link.delete.1.tlog
c:\bwapi-sc\bwapi\release440\haodabots\bunkerboxermodule\bunkerboxermodule\release\bunkerbo.9668c121.tlog\link.read.1.tlog
c:\bwapi-sc\bwapi\release440\haodabots\bunkerboxermodule\bunkerboxermodule\release\bunkerbo.9668c121.tlog\link.write.1.tlog
